<?xml version="1.0" encoding="UTF-8"?>
<!-- Generated by org.testng.reporters.JUnitReportReporter -->
<testsuite skipped="0" hostname="User-1" name="basic.AndroidWebTest" tests="1" failures="0" timestamp="28 Jun 2018 07:41:07 GMT" time="3.887" errors="0">
  <testcase name="test" time="3.887" classname="basic.AndroidWebTest"/>
</testsuite> <!-- basic.AndroidWebTest -->
